for port 18018 paused at 20170331145612
for port 18022 paused at 20170331145635
for port 18018 started at 20170331184301

*******************************************************
* SharePlex for Oracle Command Utility
* Copyright 2016 Dell, Inc.
* ALL RIGHTS RESERVED.
* Protected by U.S. Patents: 7,461,103 and 7,065,538
*******************************************************

for port 18022 started at 20170331184323

*******************************************************
* SharePlex for Oracle Command Utility
* Copyright 2016 Dell, Inc.
* ALL RIGHTS RESERVED.
* Protected by U.S. Patents: 7,461,103 and 7,065,538
*******************************************************

for port 18018 paused at 20170401134001
for port 18022 paused at 20170401134018
for port 18018 started at 20170401184301

*******************************************************
* SharePlex for Oracle Command Utility
* Copyright 2016 Dell, Inc.
* ALL RIGHTS RESERVED.
* Protected by U.S. Patents: 7,461,103 and 7,065,538
*******************************************************

for port 18022 started at 20170401184320

*******************************************************
* SharePlex for Oracle Command Utility
* Copyright 2016 Dell, Inc.
* ALL RIGHTS RESERVED.
* Protected by U.S. Patents: 7,461,103 and 7,065,538
*******************************************************

for port 18018 paused at 20170402134001
for port 18022 paused at 20170402134018
for port 18018 started at 20170402184301

*******************************************************
* SharePlex for Oracle Command Utility
* Copyright 2016 Dell, Inc.
* ALL RIGHTS RESERVED.
* Protected by U.S. Patents: 7,461,103 and 7,065,538
*******************************************************

for port 18022 started at 20170402184319

*******************************************************
* SharePlex for Oracle Command Utility
* Copyright 2016 Dell, Inc.
* ALL RIGHTS RESERVED.
* Protected by U.S. Patents: 7,461,103 and 7,065,538
*******************************************************

for port 18018 paused at 20170403134001
for port 18022 paused at 20170403134024
for port 18018 started at 20170403184301

*******************************************************
* SharePlex for Oracle Command Utility
* Copyright 2016 Dell, Inc.
* ALL RIGHTS RESERVED.
* Protected by U.S. Patents: 7,461,103 and 7,065,538
*******************************************************

for port 18022 started at 20170403184323

*******************************************************
* SharePlex for Oracle Command Utility
* Copyright 2016 Dell, Inc.
* ALL RIGHTS RESERVED.
* Protected by U.S. Patents: 7,461,103 and 7,065,538
*******************************************************

for port 18018 paused at 20170404134001
for port 18022 paused at 20170404134022
for port 18018 started at 20170404184301

*******************************************************
* SharePlex for Oracle Command Utility
* Copyright 2016 Dell, Inc.
* ALL RIGHTS RESERVED.
* Protected by U.S. Patents: 7,461,103 and 7,065,538
*******************************************************

for port 18022 started at 20170404184324

*******************************************************
* SharePlex for Oracle Command Utility
* Copyright 2016 Dell, Inc.
* ALL RIGHTS RESERVED.
* Protected by U.S. Patents: 7,461,103 and 7,065,538
*******************************************************

for port 18018 paused at 20170405134001
for port 18022 paused at 20170405134022
for port 18018 started at 20170405184301

*******************************************************
* SharePlex for Oracle Command Utility
* Copyright 2016 Dell, Inc.
* ALL RIGHTS RESERVED.
* Protected by U.S. Patents: 7,461,103 and 7,065,538
*******************************************************

for port 18022 started at 20170405184323

*******************************************************
* SharePlex for Oracle Command Utility
* Copyright 2016 Dell, Inc.
* ALL RIGHTS RESERVED.
* Protected by U.S. Patents: 7,461,103 and 7,065,538
*******************************************************

for port 18018 paused at 20170406134001
for port 18022 paused at 20170406134023
for port 18018 started at 20170406184301

*******************************************************
* SharePlex for Oracle Command Utility
* Copyright 2016 Dell, Inc.
* ALL RIGHTS RESERVED.
* Protected by U.S. Patents: 7,461,103 and 7,065,538
*******************************************************

for port 18022 started at 20170406184324

*******************************************************
* SharePlex for Oracle Command Utility
* Copyright 2016 Dell, Inc.
* ALL RIGHTS RESERVED.
* Protected by U.S. Patents: 7,461,103 and 7,065,538
*******************************************************

for port 18018 paused at 20170407134001
for port 18022 paused at 20170407134021
for port 18018 started at 20170407184301

*******************************************************
* SharePlex for Oracle Command Utility
* Copyright 2016 Dell, Inc.
* ALL RIGHTS RESERVED.
* Protected by U.S. Patents: 7,461,103 and 7,065,538
*******************************************************

for port 18022 started at 20170407184323

*******************************************************
* SharePlex for Oracle Command Utility
* Copyright 2016 Dell, Inc.
* ALL RIGHTS RESERVED.
* Protected by U.S. Patents: 7,461,103 and 7,065,538
*******************************************************

for port 18018 paused at 20170408134001
for port 18022 paused at 20170408134018
for port 18018 started at 20170408184301

*******************************************************
* SharePlex for Oracle Command Utility
* Copyright 2016 Dell, Inc.
* ALL RIGHTS RESERVED.
* Protected by U.S. Patents: 7,461,103 and 7,065,538
*******************************************************

for port 18022 started at 20170408184319

*******************************************************
* SharePlex for Oracle Command Utility
* Copyright 2016 Dell, Inc.
* ALL RIGHTS RESERVED.
* Protected by U.S. Patents: 7,461,103 and 7,065,538
*******************************************************

for port 18018 paused at 20170409134001
for port 18022 paused at 20170409134016
for port 18018 started at 20170409184301

*******************************************************
* SharePlex for Oracle Command Utility
* Copyright 2016 Dell, Inc.
* ALL RIGHTS RESERVED.
* Protected by U.S. Patents: 7,461,103 and 7,065,538
*******************************************************

for port 18022 started at 20170409184319

*******************************************************
* SharePlex for Oracle Command Utility
* Copyright 2016 Dell, Inc.
* ALL RIGHTS RESERVED.
* Protected by U.S. Patents: 7,461,103 and 7,065,538
*******************************************************

for port 18018 paused at 20170410134001
for port 18022 paused at 20170410134021
for port 18018 started at 20170410184301

*******************************************************
* SharePlex for Oracle Command Utility
* Copyright 2016 Dell, Inc.
* ALL RIGHTS RESERVED.
* Protected by U.S. Patents: 7,461,103 and 7,065,538
*******************************************************

   Command was ignored - process is already in the requested state
for port 18022 started at 20170410184322

*******************************************************
* SharePlex for Oracle Command Utility
* Copyright 2016 Dell, Inc.
* ALL RIGHTS RESERVED.
* Protected by U.S. Patents: 7,461,103 and 7,065,538
*******************************************************

for port 18018 paused at 20170411134001
for port 18022 paused at 20170411134023
for port 18018 started at 20170411184301

*******************************************************
* SharePlex for Oracle Command Utility
* Copyright 2016 Dell, Inc.
* ALL RIGHTS RESERVED.
* Protected by U.S. Patents: 7,461,103 and 7,065,538
*******************************************************

   Command was ignored - process is already in the requested state
for port 18022 started at 20170411184324

*******************************************************
* SharePlex for Oracle Command Utility
* Copyright 2016 Dell, Inc.
* ALL RIGHTS RESERVED.
* Protected by U.S. Patents: 7,461,103 and 7,065,538
*******************************************************

for port 18018 paused at 20170412134001
for port 18022 paused at 20170412134021
for port 18018 started at 20170412184301

*******************************************************
* SharePlex for Oracle Command Utility
* Copyright 2016 Dell, Inc.
* ALL RIGHTS RESERVED.
* Protected by U.S. Patents: 7,461,103 and 7,065,538
*******************************************************

for port 18022 started at 20170412184325

*******************************************************
* SharePlex for Oracle Command Utility
* Copyright 2016 Dell, Inc.
* ALL RIGHTS RESERVED.
* Protected by U.S. Patents: 7,461,103 and 7,065,538
*******************************************************

for port 18018 paused at 20170413134001
for port 18022 paused at 20170413134023
for port 18018 started at 20170413184301

*******************************************************
* SharePlex for Oracle Command Utility
* Copyright 2016 Dell, Inc.
* ALL RIGHTS RESERVED.
* Protected by U.S. Patents: 7,461,103 and 7,065,538
*******************************************************

for port 18022 started at 20170413184322

*******************************************************
* SharePlex for Oracle Command Utility
* Copyright 2016 Dell, Inc.
* ALL RIGHTS RESERVED.
* Protected by U.S. Patents: 7,461,103 and 7,065,538
*******************************************************

for port 18018 paused at 20170414134001
for port 18022 paused at 20170414134018
for port 18018 started at 20170414184301

*******************************************************
* SharePlex for Oracle Command Utility
* Copyright 2016 Dell, Inc.
* ALL RIGHTS RESERVED.
* Protected by U.S. Patents: 7,461,103 and 7,065,538
*******************************************************

for port 18022 started at 20170414184320

*******************************************************
* SharePlex for Oracle Command Utility
* Copyright 2016 Dell, Inc.
* ALL RIGHTS RESERVED.
* Protected by U.S. Patents: 7,461,103 and 7,065,538
*******************************************************

for port 18018 paused at 20170415134001
for port 18022 paused at 20170415134018
for port 18018 started at 20170415184301

*******************************************************
* SharePlex for Oracle Command Utility
* Copyright 2016 Dell, Inc.
* ALL RIGHTS RESERVED.
* Protected by U.S. Patents: 7,461,103 and 7,065,538
*******************************************************

for port 18022 started at 20170415184319

*******************************************************
* SharePlex for Oracle Command Utility
* Copyright 2016 Dell, Inc.
* ALL RIGHTS RESERVED.
* Protected by U.S. Patents: 7,461,103 and 7,065,538
*******************************************************

for port 18018 paused at 20170416134001
for port 18022 paused at 20170416134020
for port 18018 started at 20170416184301

*******************************************************
* SharePlex for Oracle Command Utility
* Copyright 2016 Dell, Inc.
* ALL RIGHTS RESERVED.
* Protected by U.S. Patents: 7,461,103 and 7,065,538
*******************************************************

for port 18022 started at 20170416184319

*******************************************************
* SharePlex for Oracle Command Utility
* Copyright 2016 Dell, Inc.
* ALL RIGHTS RESERVED.
* Protected by U.S. Patents: 7,461,103 and 7,065,538
*******************************************************

for port 18018 paused at 20170417134001
for port 18022 paused at 20170417134022
for port 18018 started at 20170417184301

*******************************************************
* SharePlex for Oracle Command Utility
* Copyright 2016 Dell, Inc.
* ALL RIGHTS RESERVED.
* Protected by U.S. Patents: 7,461,103 and 7,065,538
*******************************************************

for port 18022 started at 20170417184322

*******************************************************
* SharePlex for Oracle Command Utility
* Copyright 2016 Dell, Inc.
* ALL RIGHTS RESERVED.
* Protected by U.S. Patents: 7,461,103 and 7,065,538
*******************************************************

for port 18018 paused at 20170418134001
for port 18022 paused at 20170418134022
for port 18018 started at 20170418184301

*******************************************************
* SharePlex for Oracle Command Utility
* Copyright 2016 Dell, Inc.
* ALL RIGHTS RESERVED.
* Protected by U.S. Patents: 7,461,103 and 7,065,538
*******************************************************

for port 18022 started at 20170418184325

*******************************************************
* SharePlex for Oracle Command Utility
* Copyright 2016 Dell, Inc.
* ALL RIGHTS RESERVED.
* Protected by U.S. Patents: 7,461,103 and 7,065,538
*******************************************************

for port 18018 paused at 20170419134001
for port 18022 paused at 20170419134022
for port 18018 started at 20170419184301

*******************************************************
* SharePlex for Oracle Command Utility
* Copyright 2016 Dell, Inc.
* ALL RIGHTS RESERVED.
* Protected by U.S. Patents: 7,461,103 and 7,065,538
*******************************************************

for port 18022 started at 20170419184325

*******************************************************
* SharePlex for Oracle Command Utility
* Copyright 2016 Dell, Inc.
* ALL RIGHTS RESERVED.
* Protected by U.S. Patents: 7,461,103 and 7,065,538
*******************************************************

for port 18018 paused at 20170420134002
for port 18022 paused at 20170420134024
for port 18018 started at 20170420184301

*******************************************************
* SharePlex for Oracle Command Utility
* Copyright 2016 Dell, Inc.
* ALL RIGHTS RESERVED.
* Protected by U.S. Patents: 7,461,103 and 7,065,538
*******************************************************

for port 18022 started at 20170420184325

*******************************************************
* SharePlex for Oracle Command Utility
* Copyright 2016 Dell, Inc.
* ALL RIGHTS RESERVED.
* Protected by U.S. Patents: 7,461,103 and 7,065,538
*******************************************************

for port 18018 paused at 20170421134001
for port 18022 paused at 20170421134021
for port 18018 started at 20170421184301

*******************************************************
* SharePlex for Oracle Command Utility
* Copyright 2016 Dell, Inc.
* ALL RIGHTS RESERVED.
* Protected by U.S. Patents: 7,461,103 and 7,065,538
*******************************************************

for port 18022 started at 20170421184324

*******************************************************
* SharePlex for Oracle Command Utility
* Copyright 2016 Dell, Inc.
* ALL RIGHTS RESERVED.
* Protected by U.S. Patents: 7,461,103 and 7,065,538
*******************************************************

for port 18018 paused at 20170422134001
for port 18022 paused at 20170422134019
